2025-08-05 14:18:26 | INFO | cache | info:66 | {"message": "Cache hit", "data": {"file_path": "S:\\software\\PDFFiles\\You are God.pdf", "cached_at": "2025-08-05T14:06:55.737670"}, "timestamp": "2025-08-05T08:48:26.737288", "logger": "cache"}
2025-08-05 14:18:28 | INFO | cache | info:66 | {"message": "Cache hit", "data": {"file_path": "S:\\software\\PDFFiles\\You are God.pdf", "cached_at": "2025-08-05T14:06:55.737670"}, "timestamp": "2025-08-05T08:48:28.354879", "logger": "cache"}
2025-08-05 14:26:35 | INFO | cache | info:66 | {"message": "Cache hit", "data": {"file_path": "S:\\software\\PDFFiles\\You are God.pdf", "cached_at": "2025-08-05T14:06:55.737670"}, "timestamp": "2025-08-05T08:56:35.411790", "logger": "cache"}
2025-08-05 14:26:35 | INFO | cache | info:66 | {"message": "Cache hit", "data": {"file_path": "S:\\software\\PDFFiles\\You are God.pdf", "cached_at": "2025-08-05T14:06:55.737670"}, "timestamp": "2025-08-05T08:56:35.485844", "logger": "cache"}
2025-08-05 14:35:38 | INFO | cache | info:66 | {"message": "Cache hit", "data": {"file_path": "S:\\software\\PDFFiles\\You are God.pdf", "cached_at": "2025-08-05T14:06:55.737670"}, "timestamp": "2025-08-05T09:05:38.483575", "logger": "cache"}
2025-08-05 14:35:40 | INFO | cache | info:66 | {"message": "Cache hit", "data": {"file_path": "S:\\software\\PDFFiles\\You are God.pdf", "cached_at": "2025-08-05T14:06:55.737670"}, "timestamp": "2025-08-05T09:05:40.544570", "logger": "cache"}
2025-08-05 14:35:49 | INFO | cache | info:66 | {"message": "Cache hit", "data": {"file_path": "S:\\software\\PDFFiles\\You are God.pdf", "cached_at": "2025-08-05T14:06:55.737670"}, "timestamp": "2025-08-05T09:05:49.133106", "logger": "cache"}
2025-08-05 14:35:50 | INFO | cache | info:66 | {"message": "Cache hit", "data": {"file_path": "S:\\software\\PDFFiles\\You are God.pdf", "cached_at": "2025-08-05T14:06:55.737670"}, "timestamp": "2025-08-05T09:05:50.676404", "logger": "cache"}
2025-08-05 14:35:56 | INFO | cache | info:66 | {"message": "Successfully cached text", "data": {"file_path": "S:\\software\\PDFFiles\\You Are An English Teacher!.pdf", "cache_key": "7389d972388cc5dcdcc73e9f8650ab55"}, "timestamp": "2025-08-05T09:05:56.259901", "logger": "cache"}
2025-08-05 14:36:17 | INFO | cache | info:66 | {"message": "Cache hit", "data": {"file_path": "S:\\software\\PDFFiles\\You are God.pdf", "cached_at": "2025-08-05T14:06:55.737670"}, "timestamp": "2025-08-05T09:06:17.934193", "logger": "cache"}
2025-08-05 15:20:12 | INFO | cache | info:66 | {"message": "Cache hit", "data": {"file_path": "S:\\software\\PDFFiles\\You are God.pdf", "cached_at": "2025-08-05T14:06:55.737670"}, "timestamp": "2025-08-05T09:50:12.008652", "logger": "cache"}
2025-08-05 15:20:15 | INFO | cache | info:66 | {"message": "Cache hit", "data": {"file_path": "S:\\software\\PDFFiles\\You are God.pdf", "cached_at": "2025-08-05T14:06:55.737670"}, "timestamp": "2025-08-05T09:50:15.388970", "logger": "cache"}
2025-08-05 15:22:16 | INFO | cache | info:66 | {"message": "Cache hit", "data": {"file_path": "S:\\software\\PDFFiles\\'How to develop a Super Power Memory' - Mega Brain ( PDFDrive.com ).pdf", "cached_at": "2025-08-05T14:12:07.977221"}, "timestamp": "2025-08-05T09:52:16.786619", "logger": "cache"}
2025-08-05 15:24:08 | INFO | cache | info:66 | {"message": "Cache hit", "data": {"file_path": "S:\\software\\PDFFiles\\'How to develop a Super Power Memory' - Mega Brain ( PDFDrive.com ).pdf", "cached_at": "2025-08-05T14:12:07.977221"}, "timestamp": "2025-08-05T09:54:08.388409", "logger": "cache"}
2025-08-05 15:25:37 | INFO | cache | info:66 | {"message": "Cache hit", "data": {"file_path": "S:\\software\\PDFFiles\\'How to develop a Super Power Memory' - Mega Brain ( PDFDrive.com ).pdf", "cached_at": "2025-08-05T14:12:07.977221"}, "timestamp": "2025-08-05T09:55:37.407857", "logger": "cache"}
2025-08-05 15:27:40 | INFO | cache | info:66 | {"message": "Cache hit", "data": {"file_path": "S:\\software\\PDFFiles\\'How to develop a Super Power Memory' - Mega Brain ( PDFDrive.com ).pdf", "cached_at": "2025-08-05T14:12:07.977221"}, "timestamp": "2025-08-05T09:57:40.130358", "logger": "cache"}
2025-08-05 15:27:41 | INFO | cache | info:66 | {"message": "Cache hit", "data": {"file_path": "S:\\software\\PDFFiles\\'How to develop a Super Power Memory' - Mega Brain ( PDFDrive.com ).pdf", "cached_at": "2025-08-05T14:12:07.977221"}, "timestamp": "2025-08-05T09:57:41.607786", "logger": "cache"}
2025-08-05 15:27:42 | INFO | cache | info:66 | {"message": "Cache hit", "data": {"file_path": "S:\\software\\PDFFiles\\'How to develop a Super Power Memory' - Mega Brain ( PDFDrive.com ).pdf", "cached_at": "2025-08-05T14:12:07.977221"}, "timestamp": "2025-08-05T09:57:42.988854", "logger": "cache"}
2025-08-05 15:28:01 | INFO | cache | info:66 | {"message": "Cache hit", "data": {"file_path": "S:\\software\\PDFFiles\\'How to develop a Super Power Memory' - Mega Brain ( PDFDrive.com ).pdf", "cached_at": "2025-08-05T14:12:07.977221"}, "timestamp": "2025-08-05T09:58:01.538441", "logger": "cache"}
2025-08-05 15:28:07 | INFO | cache | info:66 | {"message": "Cache hit", "data": {"file_path": "S:\\software\\PDFFiles\\'How to develop a Super Power Memory' - Mega Brain ( PDFDrive.com ).pdf", "cached_at": "2025-08-05T14:12:07.977221"}, "timestamp": "2025-08-05T09:58:07.857978", "logger": "cache"}
2025-08-05 15:30:52 | INFO | cache | info:66 | {"message": "Cache hit", "data": {"file_path": "S:\\software\\PDFFiles\\'How to develop a Super Power Memory' - Mega Brain ( PDFDrive.com ).pdf", "cached_at": "2025-08-05T14:12:07.977221"}, "timestamp": "2025-08-05T10:00:52.122788", "logger": "cache"}
2025-08-05 15:33:41 | INFO | cache | info:66 | {"message": "Cache hit", "data": {"file_path": "S:\\software\\PDFFiles\\'How to develop a Super Power Memory' - Mega Brain ( PDFDrive.com ).pdf", "cached_at": "2025-08-05T14:12:07.977221"}, "timestamp": "2025-08-05T10:03:41.892959", "logger": "cache"}
2025-08-05 15:38:51 | INFO | cache | info:66 | {"message": "Cache hit", "data": {"file_path": "S:\\software\\PDFFiles\\'How to develop a Super Power Memory' - Mega Brain ( PDFDrive.com ).pdf", "cached_at": "2025-08-05T14:12:07.977221"}, "timestamp": "2025-08-05T10:08:51.689520", "logger": "cache"}
2025-08-05 15:39:11 | INFO | cache | info:66 | {"message": "Cache hit", "data": {"file_path": "S:\\software\\PDFFiles\\'How to develop a Super Power Memory' - Mega Brain ( PDFDrive.com ).pdf", "cached_at": "2025-08-05T14:12:07.977221"}, "timestamp": "2025-08-05T10:09:11.290273", "logger": "cache"}
2025-08-05 15:40:51 | INFO | cache | info:66 | {"message": "Cache hit", "data": {"file_path": "S:\\software\\PDFFiles\\'How to develop a Super Power Memory' - Mega Brain ( PDFDrive.com ).pdf", "cached_at": "2025-08-05T14:12:07.977221"}, "timestamp": "2025-08-05T10:10:51.964733", "logger": "cache"}
2025-08-05 15:45:58 | INFO | cache | info:66 | {"message": "Cache hit", "data": {"file_path": "S:\\software\\PDFFiles\\'How to develop a Super Power Memory' - Mega Brain ( PDFDrive.com ).pdf", "cached_at": "2025-08-05T14:12:07.977221"}, "timestamp": "2025-08-05T10:15:58.625877", "logger": "cache"}
2025-08-05 15:49:00 | INFO | cache | info:66 | {"message": "Cache hit", "data": {"file_path": "S:\\software\\PDFFiles\\'How to develop a Super Power Memory' - Mega Brain ( PDFDrive.com ).pdf", "cached_at": "2025-08-05T14:12:07.977221"}, "timestamp": "2025-08-05T10:19:00.946010", "logger": "cache"}
2025-08-05 21:26:07 | INFO | cache | info:66 | {"message": "Successfully cached text", "data": {"file_path": "D:\\Projects\\learning\\books\\Ikigai - The Japanese secret to a long and happy life.pdf", "cache_key": "bd83ea0541ae5569f0686c446c510cf4"}, "timestamp": "2025-08-05T15:56:07.882510", "logger": "cache"}
2025-08-05 21:26:07 | INFO | cache | info:66 | {"message": "Successfully cached text", "data": {"file_path": "D:\\Projects\\learning\\books\\Ikigai - The Japanese secret to a long and happy life.pdf", "cache_key": "bd83ea0541ae5569f0686c446c510cf4"}, "timestamp": "2025-08-05T15:56:07.907685", "logger": "cache"}
2025-08-05 21:26:08 | INFO | cache | info:66 | {"message": "Successfully cached text", "data": {"file_path": "D:\\Projects\\learning\\books\\Ikigai - The Japanese secret to a long and happy life.pdf", "cache_key": "bd83ea0541ae5569f0686c446c510cf4"}, "timestamp": "2025-08-05T15:56:08.027912", "logger": "cache"}
2025-08-05 21:26:08 | INFO | cache | info:66 | {"message": "Cache hit", "data": {"file_path": "D:\\Projects\\learning\\books\\Ikigai - The Japanese secret to a long and happy life.pdf", "cached_at": "2025-08-05T21:26:08.017908"}, "timestamp": "2025-08-05T15:56:08.057860", "logger": "cache"}
2025-08-05 21:26:08 | INFO | cache | info:66 | {"message": "Successfully cached text", "data": {"file_path": "D:\\Projects\\learning\\books\\Ikigai - The Japanese secret to a long and happy life.pdf", "cache_key": "bd83ea0541ae5569f0686c446c510cf4"}, "timestamp": "2025-08-05T15:56:08.061788", "logger": "cache"}
2025-08-05 21:41:49 | INFO | cache | info:66 | {"message": "Cache hit", "data": {"file_path": "D:\\Projects\\learning\\books\\Ikigai - The Japanese secret to a long and happy life.pdf", "cached_at": "2025-08-05T21:26:08.053358"}, "timestamp": "2025-08-05T16:11:49.136952", "logger": "cache"}
2025-08-05 21:42:44 | INFO | cache | info:66 | {"message": "Cache hit", "data": {"file_path": "D:\\Projects\\learning\\books\\Ikigai - The Japanese secret to a long and happy life.pdf", "cached_at": "2025-08-05T21:26:08.053358"}, "timestamp": "2025-08-05T16:12:44.504292", "logger": "cache"}
2025-08-05 21:42:53 | INFO | cache | info:66 | {"message": "Cache hit", "data": {"file_path": "D:\\Projects\\learning\\books\\Ikigai - The Japanese secret to a long and happy life.pdf", "cached_at": "2025-08-05T21:26:08.053358"}, "timestamp": "2025-08-05T16:12:53.618419", "logger": "cache"}
2025-08-05 21:51:51 | INFO | cache | info:66 | {"message": "Cache hit", "data": {"file_path": "D:\\Projects\\learning\\books\\Ikigai - The Japanese secret to a long and happy life.pdf", "cached_at": "2025-08-05T21:26:08.053358"}, "timestamp": "2025-08-05T16:21:51.260802", "logger": "cache"}
2025-08-05 21:51:51 | INFO | cache | info:66 | {"message": "Cache hit", "data": {"file_path": "D:\\Projects\\learning\\books\\Ikigai - The Japanese secret to a long and happy life.pdf", "cached_at": "2025-08-05T21:26:08.053358"}, "timestamp": "2025-08-05T16:21:51.515206", "logger": "cache"}
2025-08-05 21:51:51 | INFO | cache | info:66 | {"message": "Cache hit", "data": {"file_path": "D:\\Projects\\learning\\books\\Ikigai - The Japanese secret to a long and happy life.pdf", "cached_at": "2025-08-05T21:26:08.053358"}, "timestamp": "2025-08-05T16:21:51.515206", "logger": "cache"}
2025-08-05 21:55:30 | INFO | cache | info:66 | {"message": "Cache hit", "data": {"file_path": "D:\\Projects\\learning\\books\\Ikigai - The Japanese secret to a long and happy life.pdf", "cached_at": "2025-08-05T21:26:08.053358"}, "timestamp": "2025-08-05T16:25:30.802229", "logger": "cache"}
2025-08-05 21:55:37 | INFO | cache | info:66 | {"message": "Cache hit", "data": {"file_path": "D:\\Projects\\learning\\books\\Ikigai - The Japanese secret to a long and happy life.pdf", "cached_at": "2025-08-05T21:26:08.053358"}, "timestamp": "2025-08-05T16:25:37.100437", "logger": "cache"}
2025-08-05 22:10:11 | INFO | cache | info:66 | {"message": "Cache hit", "data": {"file_path": "D:\\Projects\\learning\\books\\Ikigai - The Japanese secret to a long and happy life.pdf", "cached_at": "2025-08-05T21:26:08.053358"}, "timestamp": "2025-08-05T16:40:11.495313", "logger": "cache"}
2025-08-05 22:10:11 | INFO | cache | info:66 | {"message": "Cache hit", "data": {"file_path": "D:\\Projects\\learning\\books\\Ikigai - The Japanese secret to a long and happy life.pdf", "cached_at": "2025-08-05T21:26:08.053358"}, "timestamp": "2025-08-05T16:40:11.522347", "logger": "cache"}
2025-08-05 22:10:11 | INFO | cache | info:66 | {"message": "Cache hit", "data": {"file_path": "D:\\Projects\\learning\\books\\Ikigai - The Japanese secret to a long and happy life.pdf", "cached_at": "2025-08-05T21:26:08.053358"}, "timestamp": "2025-08-05T16:40:11.542547", "logger": "cache"}
2025-08-05 22:10:11 | INFO | cache | info:66 | {"message": "Cache hit", "data": {"file_path": "D:\\Projects\\learning\\books\\Ikigai - The Japanese secret to a long and happy life.pdf", "cached_at": "2025-08-05T21:26:08.053358"}, "timestamp": "2025-08-05T16:40:11.561354", "logger": "cache"}
2025-08-05 22:10:11 | INFO | cache | info:66 | {"message": "Cache hit", "data": {"file_path": "D:\\Projects\\learning\\books\\Ikigai - The Japanese secret to a long and happy life.pdf", "cached_at": "2025-08-05T21:26:08.053358"}, "timestamp": "2025-08-05T16:40:11.654872", "logger": "cache"}
2025-08-05 22:10:11 | INFO | cache | info:66 | {"message": "Cache hit", "data": {"file_path": "D:\\Projects\\learning\\books\\Ikigai - The Japanese secret to a long and happy life.pdf", "cached_at": "2025-08-05T21:26:08.053358"}, "timestamp": "2025-08-05T16:40:11.734944", "logger": "cache"}
2025-08-05 22:10:11 | INFO | cache | info:66 | {"message": "Cache hit", "data": {"file_path": "D:\\Projects\\learning\\books\\Ikigai - The Japanese secret to a long and happy life.pdf", "cached_at": "2025-08-05T21:26:08.053358"}, "timestamp": "2025-08-05T16:40:11.755288", "logger": "cache"}
2025-08-05 22:10:11 | INFO | cache | info:66 | {"message": "Cache hit", "data": {"file_path": "D:\\Projects\\learning\\books\\Ikigai - The Japanese secret to a long and happy life.pdf", "cached_at": "2025-08-05T21:26:08.053358"}, "timestamp": "2025-08-05T16:40:11.762332", "logger": "cache"}
2025-08-05 22:10:11 | INFO | cache | info:66 | {"message": "Cache hit", "data": {"file_path": "D:\\Projects\\learning\\books\\Ikigai - The Japanese secret to a long and happy life.pdf", "cached_at": "2025-08-05T21:26:08.053358"}, "timestamp": "2025-08-05T16:40:11.780552", "logger": "cache"}
2025-08-05 22:10:11 | INFO | cache | info:66 | {"message": "Cache hit", "data": {"file_path": "D:\\Projects\\learning\\books\\Ikigai - The Japanese secret to a long and happy life.pdf", "cached_at": "2025-08-05T21:26:08.053358"}, "timestamp": "2025-08-05T16:40:11.783871", "logger": "cache"}
2025-08-05 22:10:40 | INFO | cache | info:66 | {"message": "Cache hit", "data": {"file_path": "D:\\Projects\\learning\\books\\Ikigai - The Japanese secret to a long and happy life.pdf", "cached_at": "2025-08-05T21:26:08.053358"}, "timestamp": "2025-08-05T16:40:40.650048", "logger": "cache"}
2025-08-05 22:10:40 | INFO | cache | info:66 | {"message": "Cache hit", "data": {"file_path": "D:\\Projects\\learning\\books\\Ikigai - The Japanese secret to a long and happy life.pdf", "cached_at": "2025-08-05T21:26:08.053358"}, "timestamp": "2025-08-05T16:40:40.661986", "logger": "cache"}
2025-08-05 22:10:40 | INFO | cache | info:66 | {"message": "Cache hit", "data": {"file_path": "D:\\Projects\\learning\\books\\Ikigai - The Japanese secret to a long and happy life.pdf", "cached_at": "2025-08-05T21:26:08.053358"}, "timestamp": "2025-08-05T16:40:40.674689", "logger": "cache"}
2025-08-05 22:10:40 | INFO | cache | info:66 | {"message": "Cache hit", "data": {"file_path": "D:\\Projects\\learning\\books\\Ikigai - The Japanese secret to a long and happy life.pdf", "cached_at": "2025-08-05T21:26:08.053358"}, "timestamp": "2025-08-05T16:40:40.687220", "logger": "cache"}
2025-08-05 22:10:40 | INFO | cache | info:66 | {"message": "Cache hit", "data": {"file_path": "D:\\Projects\\learning\\books\\Ikigai - The Japanese secret to a long and happy life.pdf", "cached_at": "2025-08-05T21:26:08.053358"}, "timestamp": "2025-08-05T16:40:40.704187", "logger": "cache"}
2025-08-05 22:10:40 | INFO | cache | info:66 | {"message": "Cache hit", "data": {"file_path": "D:\\Projects\\learning\\books\\Ikigai - The Japanese secret to a long and happy life.pdf", "cached_at": "2025-08-05T21:26:08.053358"}, "timestamp": "2025-08-05T16:40:40.721984", "logger": "cache"}
2025-08-05 22:10:40 | INFO | cache | info:66 | {"message": "Cache hit", "data": {"file_path": "D:\\Projects\\learning\\books\\Ikigai - The Japanese secret to a long and happy life.pdf", "cached_at": "2025-08-05T21:26:08.053358"}, "timestamp": "2025-08-05T16:40:40.753944", "logger": "cache"}
2025-08-05 22:10:40 | INFO | cache | info:66 | {"message": "Cache hit", "data": {"file_path": "D:\\Projects\\learning\\books\\Ikigai - The Japanese secret to a long and happy life.pdf", "cached_at": "2025-08-05T21:26:08.053358"}, "timestamp": "2025-08-05T16:40:40.912553", "logger": "cache"}
2025-08-05 22:10:40 | INFO | cache | info:66 | {"message": "Cache hit", "data": {"file_path": "D:\\Projects\\learning\\books\\Ikigai - The Japanese secret to a long and happy life.pdf", "cached_at": "2025-08-05T21:26:08.053358"}, "timestamp": "2025-08-05T16:40:40.937495", "logger": "cache"}
2025-08-05 22:10:40 | INFO | cache | info:66 | {"message": "Cache hit", "data": {"file_path": "D:\\Projects\\learning\\books\\Ikigai - The Japanese secret to a long and happy life.pdf", "cached_at": "2025-08-05T21:26:08.053358"}, "timestamp": "2025-08-05T16:40:40.970480", "logger": "cache"}
2025-08-05 22:10:40 | INFO | cache | info:66 | {"message": "Cache hit", "data": {"file_path": "D:\\Projects\\learning\\books\\Ikigai - The Japanese secret to a long and happy life.pdf", "cached_at": "2025-08-05T21:26:08.053358"}, "timestamp": "2025-08-05T16:40:40.995729", "logger": "cache"}
2025-08-05 22:10:41 | INFO | cache | info:66 | {"message": "Cache hit", "data": {"file_path": "D:\\Projects\\learning\\books\\Ikigai - The Japanese secret to a long and happy life.pdf", "cached_at": "2025-08-05T21:26:08.053358"}, "timestamp": "2025-08-05T16:40:41.020649", "logger": "cache"}
2025-08-05 22:10:41 | INFO | cache | info:66 | {"message": "Cache hit", "data": {"file_path": "D:\\Projects\\learning\\books\\Ikigai - The Japanese secret to a long and happy life.pdf", "cached_at": "2025-08-05T21:26:08.053358"}, "timestamp": "2025-08-05T16:40:41.053816", "logger": "cache"}
2025-08-05 22:10:41 | INFO | cache | info:66 | {"message": "Cache hit", "data": {"file_path": "D:\\Projects\\learning\\books\\Ikigai - The Japanese secret to a long and happy life.pdf", "cached_at": "2025-08-05T21:26:08.053358"}, "timestamp": "2025-08-05T16:40:41.087365", "logger": "cache"}
2025-08-05 22:10:41 | INFO | cache | info:66 | {"message": "Cache hit", "data": {"file_path": "D:\\Projects\\learning\\books\\Ikigai - The Japanese secret to a long and happy life.pdf", "cached_at": "2025-08-05T21:26:08.053358"}, "timestamp": "2025-08-05T16:40:41.112311", "logger": "cache"}
2025-08-05 22:10:41 | INFO | cache | info:66 | {"message": "Cache hit", "data": {"file_path": "D:\\Projects\\learning\\books\\Ikigai - The Japanese secret to a long and happy life.pdf", "cached_at": "2025-08-05T21:26:08.053358"}, "timestamp": "2025-08-05T16:40:41.133643", "logger": "cache"}
2025-08-05 22:10:41 | INFO | cache | info:66 | {"message": "Cache hit", "data": {"file_path": "D:\\Projects\\learning\\books\\Ikigai - The Japanese secret to a long and happy life.pdf", "cached_at": "2025-08-05T21:26:08.053358"}, "timestamp": "2025-08-05T16:40:41.154037", "logger": "cache"}
2025-08-05 22:10:41 | INFO | cache | info:66 | {"message": "Cache hit", "data": {"file_path": "D:\\Projects\\learning\\books\\Ikigai - The Japanese secret to a long and happy life.pdf", "cached_at": "2025-08-05T21:26:08.053358"}, "timestamp": "2025-08-05T16:40:41.170806", "logger": "cache"}
2025-08-05 22:10:41 | INFO | cache | info:66 | {"message": "Cache hit", "data": {"file_path": "D:\\Projects\\learning\\books\\Ikigai - The Japanese secret to a long and happy life.pdf", "cached_at": "2025-08-05T21:26:08.053358"}, "timestamp": "2025-08-05T16:40:41.195762", "logger": "cache"}
2025-08-05 22:10:41 | INFO | cache | info:66 | {"message": "Cache hit", "data": {"file_path": "D:\\Projects\\learning\\books\\Ikigai - The Japanese secret to a long and happy life.pdf", "cached_at": "2025-08-05T21:26:08.053358"}, "timestamp": "2025-08-05T16:40:41.220651", "logger": "cache"}
2025-08-05 22:10:41 | INFO | cache | info:66 | {"message": "Cache hit", "data": {"file_path": "D:\\Projects\\learning\\books\\Ikigai - The Japanese secret to a long and happy life.pdf", "cached_at": "2025-08-05T21:26:08.053358"}, "timestamp": "2025-08-05T16:40:41.245534", "logger": "cache"}
2025-08-05 22:10:41 | INFO | cache | info:66 | {"message": "Cache hit", "data": {"file_path": "D:\\Projects\\learning\\books\\Ikigai - The Japanese secret to a long and happy life.pdf", "cached_at": "2025-08-05T21:26:08.053358"}, "timestamp": "2025-08-05T16:40:41.270606", "logger": "cache"}
2025-08-05 22:10:41 | INFO | cache | info:66 | {"message": "Cache hit", "data": {"file_path": "D:\\Projects\\learning\\books\\Ikigai - The Japanese secret to a long and happy life.pdf", "cached_at": "2025-08-05T21:26:08.053358"}, "timestamp": "2025-08-05T16:40:41.287239", "logger": "cache"}
2025-08-05 22:10:41 | INFO | cache | info:66 | {"message": "Cache hit", "data": {"file_path": "D:\\Projects\\learning\\books\\Ikigai - The Japanese secret to a long and happy life.pdf", "cached_at": "2025-08-05T21:26:08.053358"}, "timestamp": "2025-08-05T16:40:41.312056", "logger": "cache"}
2025-08-05 22:10:41 | INFO | cache | info:66 | {"message": "Cache hit", "data": {"file_path": "D:\\Projects\\learning\\books\\Ikigai - The Japanese secret to a long and happy life.pdf", "cached_at": "2025-08-05T21:26:08.053358"}, "timestamp": "2025-08-05T16:40:41.328842", "logger": "cache"}
2025-08-05 22:13:18 | INFO | cache | info:66 | {"message": "Cache hit", "data": {"file_path": "D:\\Projects\\learning\\books\\Ikigai - The Japanese secret to a long and happy life.pdf", "cached_at": "2025-08-05T21:26:08.053358"}, "timestamp": "2025-08-05T16:43:18.254066", "logger": "cache"}
2025-08-05 22:13:18 | INFO | cache | info:66 | {"message": "Cache hit", "data": {"file_path": "D:\\Projects\\learning\\books\\Ikigai - The Japanese secret to a long and happy life.pdf", "cached_at": "2025-08-05T21:26:08.053358"}, "timestamp": "2025-08-05T16:43:18.254066", "logger": "cache"}
2025-08-05 22:13:18 | INFO | cache | info:66 | {"message": "Cache hit", "data": {"file_path": "D:\\Projects\\learning\\books\\Ikigai - The Japanese secret to a long and happy life.pdf", "cached_at": "2025-08-05T21:26:08.053358"}, "timestamp": "2025-08-05T16:43:18.277834", "logger": "cache"}
2025-08-05 22:13:18 | INFO | cache | info:66 | {"message": "Cache hit", "data": {"file_path": "D:\\Projects\\learning\\books\\Ikigai - The Japanese secret to a long and happy life.pdf", "cached_at": "2025-08-05T21:26:08.053358"}, "timestamp": "2025-08-05T16:43:18.286334", "logger": "cache"}
2025-08-05 22:13:18 | INFO | cache | info:66 | {"message": "Cache hit", "data": {"file_path": "D:\\Projects\\learning\\books\\Ikigai - The Japanese secret to a long and happy life.pdf", "cached_at": "2025-08-05T21:26:08.053358"}, "timestamp": "2025-08-05T16:43:18.311446", "logger": "cache"}
2025-08-05 22:13:18 | INFO | cache | info:66 | {"message": "Cache hit", "data": {"file_path": "D:\\Projects\\learning\\books\\Ikigai - The Japanese secret to a long and happy life.pdf", "cached_at": "2025-08-05T21:26:08.053358"}, "timestamp": "2025-08-05T16:43:18.315779", "logger": "cache"}
2025-08-05 22:13:18 | INFO | cache | info:66 | {"message": "Cache hit", "data": {"file_path": "D:\\Projects\\learning\\books\\Ikigai - The Japanese secret to a long and happy life.pdf", "cached_at": "2025-08-05T21:26:08.053358"}, "timestamp": "2025-08-05T16:43:18.336441", "logger": "cache"}
2025-08-05 22:13:18 | INFO | cache | info:66 | {"message": "Cache hit", "data": {"file_path": "D:\\Projects\\learning\\books\\Ikigai - The Japanese secret to a long and happy life.pdf", "cached_at": "2025-08-05T21:26:08.053358"}, "timestamp": "2025-08-05T16:43:18.511366", "logger": "cache"}
2025-08-05 22:13:18 | INFO | cache | info:66 | {"message": "Cache hit", "data": {"file_path": "D:\\Projects\\learning\\books\\Ikigai - The Japanese secret to a long and happy life.pdf", "cached_at": "2025-08-05T21:26:08.053358"}, "timestamp": "2025-08-05T16:43:18.536437", "logger": "cache"}
2025-08-05 22:13:18 | INFO | cache | info:66 | {"message": "Cache hit", "data": {"file_path": "D:\\Projects\\learning\\books\\Ikigai - The Japanese secret to a long and happy life.pdf", "cached_at": "2025-08-05T21:26:08.053358"}, "timestamp": "2025-08-05T16:43:18.561745", "logger": "cache"}
2025-08-05 22:13:18 | INFO | cache | info:66 | {"message": "Cache hit", "data": {"file_path": "D:\\Projects\\learning\\books\\Ikigai - The Japanese secret to a long and happy life.pdf", "cached_at": "2025-08-05T21:26:08.053358"}, "timestamp": "2025-08-05T16:43:18.594844", "logger": "cache"}
2025-08-05 22:13:18 | INFO | cache | info:66 | {"message": "Cache hit", "data": {"file_path": "D:\\Projects\\learning\\books\\Ikigai - The Japanese secret to a long and happy life.pdf", "cached_at": "2025-08-05T21:26:08.053358"}, "timestamp": "2025-08-05T16:43:18.636345", "logger": "cache"}
2025-08-05 22:13:18 | INFO | cache | info:66 | {"message": "Cache hit", "data": {"file_path": "D:\\Projects\\learning\\books\\Ikigai - The Japanese secret to a long and happy life.pdf", "cached_at": "2025-08-05T21:26:08.053358"}, "timestamp": "2025-08-05T16:43:18.661348", "logger": "cache"}
2025-08-05 22:13:18 | INFO | cache | info:66 | {"message": "Cache hit", "data": {"file_path": "D:\\Projects\\learning\\books\\Ikigai - The Japanese secret to a long and happy life.pdf", "cached_at": "2025-08-05T21:26:08.053358"}, "timestamp": "2025-08-05T16:43:18.677860", "logger": "cache"}
2025-08-05 22:13:49 | INFO | cache | info:66 | {"message": "Cache hit", "data": {"file_path": "D:\\Projects\\learning\\books\\Ikigai - The Japanese secret to a long and happy life.pdf", "cached_at": "2025-08-05T21:26:08.053358"}, "timestamp": "2025-08-05T16:43:49.537982", "logger": "cache"}
2025-08-05 22:18:20 | INFO | cache | info:66 | {"message": "Cache hit", "data": {"file_path": "D:\\Projects\\learning\\books\\Ikigai - The Japanese secret to a long and happy life.pdf", "cached_at": "2025-08-05T21:26:08.053358"}, "timestamp": "2025-08-05T16:48:20.664969", "logger": "cache"}
2025-08-05 22:18:43 | INFO | cache | info:66 | {"message": "Cache hit", "data": {"file_path": "D:\\Projects\\learning\\books\\Ikigai - The Japanese secret to a long and happy life.pdf", "cached_at": "2025-08-05T21:26:08.053358"}, "timestamp": "2025-08-05T16:48:43.856575", "logger": "cache"}
2025-08-05 22:19:08 | INFO | cache | info:66 | {"message": "Cache hit", "data": {"file_path": "D:\\Projects\\learning\\books\\Ikigai - The Japanese secret to a long and happy life.pdf", "cached_at": "2025-08-05T21:26:08.053358"}, "timestamp": "2025-08-05T16:49:08.784005", "logger": "cache"}
2025-08-05 22:19:08 | INFO | cache | info:66 | {"message": "Cache hit", "data": {"file_path": "D:\\Projects\\learning\\books\\Ikigai - The Japanese secret to a long and happy life.pdf", "cached_at": "2025-08-05T21:26:08.053358"}, "timestamp": "2025-08-05T16:49:08.808191", "logger": "cache"}
2025-08-05 22:19:08 | INFO | cache | info:66 | {"message": "Cache hit", "data": {"file_path": "D:\\Projects\\learning\\books\\Ikigai - The Japanese secret to a long and happy life.pdf", "cached_at": "2025-08-05T21:26:08.053358"}, "timestamp": "2025-08-05T16:49:08.808191", "logger": "cache"}
2025-08-05 22:19:08 | INFO | cache | info:66 | {"message": "Cache hit", "data": {"file_path": "D:\\Projects\\learning\\books\\Ikigai - The Japanese secret to a long and happy life.pdf", "cached_at": "2025-08-05T21:26:08.053358"}, "timestamp": "2025-08-05T16:49:08.841171", "logger": "cache"}
2025-08-05 22:19:08 | INFO | cache | info:66 | {"message": "Cache hit", "data": {"file_path": "D:\\Projects\\learning\\books\\Ikigai - The Japanese secret to a long and happy life.pdf", "cached_at": "2025-08-05T21:26:08.053358"}, "timestamp": "2025-08-05T16:49:08.841685", "logger": "cache"}
2025-08-05 22:19:08 | INFO | cache | info:66 | {"message": "Cache hit", "data": {"file_path": "D:\\Projects\\learning\\books\\Ikigai - The Japanese secret to a long and happy life.pdf", "cached_at": "2025-08-05T21:26:08.053358"}, "timestamp": "2025-08-05T16:49:08.866181", "logger": "cache"}
2025-08-05 22:19:08 | INFO | cache | info:66 | {"message": "Cache hit", "data": {"file_path": "D:\\Projects\\learning\\books\\Ikigai - The Japanese secret to a long and happy life.pdf", "cached_at": "2025-08-05T21:26:08.053358"}, "timestamp": "2025-08-05T16:49:08.892359", "logger": "cache"}
2025-08-05 22:19:08 | INFO | cache | info:66 | {"message": "Cache hit", "data": {"file_path": "D:\\Projects\\learning\\books\\Ikigai - The Japanese secret to a long and happy life.pdf", "cached_at": "2025-08-05T21:26:08.053358"}, "timestamp": "2025-08-05T16:49:08.908257", "logger": "cache"}
2025-08-05 22:19:08 | INFO | cache | info:66 | {"message": "Cache hit", "data": {"file_path": "D:\\Projects\\learning\\books\\Ikigai - The Japanese secret to a long and happy life.pdf", "cached_at": "2025-08-05T21:26:08.053358"}, "timestamp": "2025-08-05T16:49:08.933090", "logger": "cache"}
2025-08-05 22:19:08 | INFO | cache | info:66 | {"message": "Cache hit", "data": {"file_path": "D:\\Projects\\learning\\books\\Ikigai - The Japanese secret to a long and happy life.pdf", "cached_at": "2025-08-05T21:26:08.053358"}, "timestamp": "2025-08-05T16:49:08.963131", "logger": "cache"}
2025-08-05 22:19:08 | INFO | cache | info:66 | {"message": "Cache hit", "data": {"file_path": "D:\\Projects\\learning\\books\\Ikigai - The Japanese secret to a long and happy life.pdf", "cached_at": "2025-08-05T21:26:08.053358"}, "timestamp": "2025-08-05T16:49:08.991625", "logger": "cache"}
2025-08-05 22:19:09 | INFO | cache | info:66 | {"message": "Cache hit", "data": {"file_path": "D:\\Projects\\learning\\books\\Ikigai - The Japanese secret to a long and happy life.pdf", "cached_at": "2025-08-05T21:26:08.053358"}, "timestamp": "2025-08-05T16:49:09.016325", "logger": "cache"}
2025-08-05 22:19:09 | INFO | cache | info:66 | {"message": "Cache hit", "data": {"file_path": "D:\\Projects\\learning\\books\\Ikigai - The Japanese secret to a long and happy life.pdf", "cached_at": "2025-08-05T21:26:08.053358"}, "timestamp": "2025-08-05T16:49:09.100351", "logger": "cache"}
2025-08-05 22:19:09 | INFO | cache | info:66 | {"message": "Cache hit", "data": {"file_path": "D:\\Projects\\learning\\books\\Ikigai - The Japanese secret to a long and happy life.pdf", "cached_at": "2025-08-05T21:26:08.053358"}, "timestamp": "2025-08-05T16:49:09.124675", "logger": "cache"}
2025-08-05 22:19:09 | INFO | cache | info:66 | {"message": "Cache hit", "data": {"file_path": "D:\\Projects\\learning\\books\\Ikigai - The Japanese secret to a long and happy life.pdf", "cached_at": "2025-08-05T21:26:08.053358"}, "timestamp": "2025-08-05T16:49:09.149529", "logger": "cache"}
2025-08-05 22:19:09 | INFO | cache | info:66 | {"message": "Cache hit", "data": {"file_path": "D:\\Projects\\learning\\books\\Ikigai - The Japanese secret to a long and happy life.pdf", "cached_at": "2025-08-05T21:26:08.053358"}, "timestamp": "2025-08-05T16:49:09.182318", "logger": "cache"}
2025-08-05 22:19:09 | INFO | cache | info:66 | {"message": "Cache hit", "data": {"file_path": "D:\\Projects\\learning\\books\\Ikigai - The Japanese secret to a long and happy life.pdf", "cached_at": "2025-08-05T21:26:08.053358"}, "timestamp": "2025-08-05T16:49:09.199390", "logger": "cache"}
2025-08-05 22:19:09 | INFO | cache | info:66 | {"message": "Cache hit", "data": {"file_path": "D:\\Projects\\learning\\books\\Ikigai - The Japanese secret to a long and happy life.pdf", "cached_at": "2025-08-05T21:26:08.053358"}, "timestamp": "2025-08-05T16:49:09.224505", "logger": "cache"}
2025-08-05 22:19:09 | INFO | cache | info:66 | {"message": "Cache hit", "data": {"file_path": "D:\\Projects\\learning\\books\\Ikigai - The Japanese secret to a long and happy life.pdf", "cached_at": "2025-08-05T21:26:08.053358"}, "timestamp": "2025-08-05T16:49:09.249438", "logger": "cache"}
2025-08-05 22:19:09 | INFO | cache | info:66 | {"message": "Cache hit", "data": {"file_path": "D:\\Projects\\learning\\books\\Ikigai - The Japanese secret to a long and happy life.pdf", "cached_at": "2025-08-05T21:26:08.053358"}, "timestamp": "2025-08-05T16:49:09.274462", "logger": "cache"}
2025-08-05 22:19:09 | INFO | cache | info:66 | {"message": "Cache hit", "data": {"file_path": "D:\\Projects\\learning\\books\\Ikigai - The Japanese secret to a long and happy life.pdf", "cached_at": "2025-08-05T21:26:08.053358"}, "timestamp": "2025-08-05T16:49:09.308086", "logger": "cache"}
2025-08-05 22:19:09 | INFO | cache | info:66 | {"message": "Cache hit", "data": {"file_path": "D:\\Projects\\learning\\books\\Ikigai - The Japanese secret to a long and happy life.pdf", "cached_at": "2025-08-05T21:26:08.053358"}, "timestamp": "2025-08-05T16:49:09.328937", "logger": "cache"}
2025-08-05 22:19:09 | INFO | cache | info:66 | {"message": "Cache hit", "data": {"file_path": "D:\\Projects\\learning\\books\\Ikigai - The Japanese secret to a long and happy life.pdf", "cached_at": "2025-08-05T21:26:08.053358"}, "timestamp": "2025-08-05T16:49:09.349274", "logger": "cache"}
2025-08-05 22:19:09 | INFO | cache | info:66 | {"message": "Cache hit", "data": {"file_path": "D:\\Projects\\learning\\books\\Ikigai - The Japanese secret to a long and happy life.pdf", "cached_at": "2025-08-05T21:26:08.053358"}, "timestamp": "2025-08-05T16:49:09.369486", "logger": "cache"}
2025-08-05 22:19:09 | INFO | cache | info:66 | {"message": "Cache hit", "data": {"file_path": "D:\\Projects\\learning\\books\\Ikigai - The Japanese secret to a long and happy life.pdf", "cached_at": "2025-08-05T21:26:08.053358"}, "timestamp": "2025-08-05T16:49:09.391128", "logger": "cache"}
2025-08-05 22:19:53 | INFO | cache | info:66 | {"message": "Cache hit", "data": {"file_path": "D:\\Projects\\learning\\books\\Ikigai - The Japanese secret to a long and happy life.pdf", "cached_at": "2025-08-05T21:26:08.053358"}, "timestamp": "2025-08-05T16:49:53.056558", "logger": "cache"}
2025-08-05 22:19:53 | INFO | cache | info:66 | {"message": "Cache hit", "data": {"file_path": "D:\\Projects\\learning\\books\\Ikigai - The Japanese secret to a long and happy life.pdf", "cached_at": "2025-08-05T21:26:08.053358"}, "timestamp": "2025-08-05T16:49:53.080204", "logger": "cache"}
2025-08-05 22:19:53 | INFO | cache | info:66 | {"message": "Cache hit", "data": {"file_path": "D:\\Projects\\learning\\books\\Ikigai - The Japanese secret to a long and happy life.pdf", "cached_at": "2025-08-05T21:26:08.053358"}, "timestamp": "2025-08-05T16:49:53.096060", "logger": "cache"}
2025-08-05 22:19:53 | INFO | cache | info:66 | {"message": "Cache hit", "data": {"file_path": "D:\\Projects\\learning\\books\\Ikigai - The Japanese secret to a long and happy life.pdf", "cached_at": "2025-08-05T21:26:08.053358"}, "timestamp": "2025-08-05T16:49:53.127518", "logger": "cache"}
2025-08-05 22:19:53 | INFO | cache | info:66 | {"message": "Cache hit", "data": {"file_path": "D:\\Projects\\learning\\books\\Ikigai - The Japanese secret to a long and happy life.pdf", "cached_at": "2025-08-05T21:26:08.053358"}, "timestamp": "2025-08-05T16:49:53.301507", "logger": "cache"}
2025-08-05 22:19:53 | INFO | cache | info:66 | {"message": "Cache hit", "data": {"file_path": "D:\\Projects\\learning\\books\\Ikigai - The Japanese secret to a long and happy life.pdf", "cached_at": "2025-08-05T21:26:08.053358"}, "timestamp": "2025-08-05T16:49:53.314503", "logger": "cache"}
2025-08-05 22:19:53 | INFO | cache | info:66 | {"message": "Cache hit", "data": {"file_path": "D:\\Projects\\learning\\books\\Ikigai - The Japanese secret to a long and happy life.pdf", "cached_at": "2025-08-05T21:26:08.053358"}, "timestamp": "2025-08-05T16:49:53.332461", "logger": "cache"}
2025-08-05 22:19:53 | INFO | cache | info:66 | {"message": "Cache hit", "data": {"file_path": "D:\\Projects\\learning\\books\\Ikigai - The Japanese secret to a long and happy life.pdf", "cached_at": "2025-08-05T21:26:08.053358"}, "timestamp": "2025-08-05T16:49:53.332461", "logger": "cache"}
2025-08-05 22:19:53 | INFO | cache | info:66 | {"message": "Cache hit", "data": {"file_path": "D:\\Projects\\learning\\books\\Ikigai - The Japanese secret to a long and happy life.pdf", "cached_at": "2025-08-05T21:26:08.053358"}, "timestamp": "2025-08-05T16:49:53.370515", "logger": "cache"}
2025-08-05 22:19:53 | INFO | cache | info:66 | {"message": "Cache hit", "data": {"file_path": "D:\\Projects\\learning\\books\\Ikigai - The Japanese secret to a long and happy life.pdf", "cached_at": "2025-08-05T21:26:08.053358"}, "timestamp": "2025-08-05T16:49:53.451238", "logger": "cache"}
2025-08-05 22:21:25 | INFO | cache | info:66 | {"message": "Cache hit", "data": {"file_path": "D:\\Projects\\learning\\books\\Ikigai - The Japanese secret to a long and happy life.pdf", "cached_at": "2025-08-05T21:26:08.053358"}, "timestamp": "2025-08-05T16:51:25.859497", "logger": "cache"}
2025-08-05 22:21:25 | INFO | cache | info:66 | {"message": "Cache hit", "data": {"file_path": "D:\\Projects\\learning\\books\\Ikigai - The Japanese secret to a long and happy life.pdf", "cached_at": "2025-08-05T21:26:08.053358"}, "timestamp": "2025-08-05T16:51:25.970084", "logger": "cache"}
2025-08-05 22:21:25 | INFO | cache | info:66 | {"message": "Cache hit", "data": {"file_path": "D:\\Projects\\learning\\books\\Ikigai - The Japanese secret to a long and happy life.pdf", "cached_at": "2025-08-05T21:26:08.053358"}, "timestamp": "2025-08-05T16:51:25.987561", "logger": "cache"}
2025-08-05 22:21:26 | INFO | cache | info:66 | {"message": "Cache hit", "data": {"file_path": "D:\\Projects\\learning\\books\\Ikigai - The Japanese secret to a long and happy life.pdf", "cached_at": "2025-08-05T21:26:08.053358"}, "timestamp": "2025-08-05T16:51:26.013458", "logger": "cache"}
2025-08-05 22:21:26 | INFO | cache | info:66 | {"message": "Cache hit", "data": {"file_path": "D:\\Projects\\learning\\books\\Ikigai - The Japanese secret to a long and happy life.pdf", "cached_at": "2025-08-05T21:26:08.053358"}, "timestamp": "2025-08-05T16:51:26.030284", "logger": "cache"}
2025-08-05 22:21:26 | INFO | cache | info:66 | {"message": "Cache hit", "data": {"file_path": "D:\\Projects\\learning\\books\\Ikigai - The Japanese secret to a long and happy life.pdf", "cached_at": "2025-08-05T21:26:08.053358"}, "timestamp": "2025-08-05T16:51:26.113571", "logger": "cache"}
2025-08-05 22:21:26 | INFO | cache | info:66 | {"message": "Cache hit", "data": {"file_path": "D:\\Projects\\learning\\books\\Ikigai - The Japanese secret to a long and happy life.pdf", "cached_at": "2025-08-05T21:26:08.053358"}, "timestamp": "2025-08-05T16:51:26.130139", "logger": "cache"}
2025-08-05 22:21:26 | INFO | cache | info:66 | {"message": "Cache hit", "data": {"file_path": "D:\\Projects\\learning\\books\\Ikigai - The Japanese secret to a long and happy life.pdf", "cached_at": "2025-08-05T21:26:08.053358"}, "timestamp": "2025-08-05T16:51:26.155203", "logger": "cache"}
2025-08-05 22:21:26 | INFO | cache | info:66 | {"message": "Cache hit", "data": {"file_path": "D:\\Projects\\learning\\books\\Ikigai - The Japanese secret to a long and happy life.pdf", "cached_at": "2025-08-05T21:26:08.053358"}, "timestamp": "2025-08-05T16:51:26.179125", "logger": "cache"}
2025-08-05 22:21:26 | INFO | cache | info:66 | {"message": "Cache hit", "data": {"file_path": "D:\\Projects\\learning\\books\\Ikigai - The Japanese secret to a long and happy life.pdf", "cached_at": "2025-08-05T21:26:08.053358"}, "timestamp": "2025-08-05T16:51:26.205207", "logger": "cache"}
2025-08-05 22:22:14 | INFO | cache | info:66 | {"message": "Cache hit", "data": {"file_path": "D:\\Projects\\learning\\books\\Ikigai - The Japanese secret to a long and happy life.pdf", "cached_at": "2025-08-05T21:26:08.053358"}, "timestamp": "2025-08-05T16:52:14.763830", "logger": "cache"}
